<?xml version="1.0" encoding="UTF-8"?>
<!-- Generated by org.testng.reporters.JUnitReportReporter -->
<testsuite skipped="0" hostname="LAPTOP-COQHVDGR" name="tests.RegisterTest" tests="1" failures="0" timestamp="25 Jun 2021 03:02:09 GMT" time="15.774" errors="0">
  <testcase name="verifyGetAllCountryOptions" time="15.774" classname="tests.RegisterTest"/>
</testsuite> <!-- tests.RegisterTest -->
